[2019-12-02 09:28:52 *1817.1]	NOTICE	swFactoryProcess_finish (ERRNO 1004): send 1644 byte failed, because connection[fd=787] is closed
[2019-12-02 09:28:52 *1817.1]	NOTICE	swFactoryProcess_finish (ERRNO 1004): send 1644 byte failed, because connection[fd=771] is closed
[2019-12-02 09:28:52 *1817.1]	NOTICE	swFactoryProcess_finish (ERRNO 1004): send 1644 byte failed, because connection[fd=779] is closed
[2019-12-02 09:28:52 *1817.1]	NOTICE	swFactoryProcess_finish (ERRNO 1004): send 1644 byte failed, because connection[fd=795] is closed
[2019-12-02 09:28:52 *1817.1]	NOTICE	swFactoryProcess_finish (ERRNO 1004): send 1644 byte failed, because connection[fd=819] is closed
[2019-12-02 09:28:52 *1817.1]	NOTICE	swFactoryProcess_finish (ERRNO 1004): send 1644 byte failed, because connection[fd=811] is closed
[2019-12-02 09:28:52 *1817.1]	NOTICE	swFactoryProcess_finish (ERRNO 1004): send 1644 byte failed, because connection[fd=835] is closed
[2019-12-02 09:28:52 *1817.1]	NOTICE	swFactoryProcess_finish (ERRNO 1004): send 1644 byte failed, because connection[fd=867] is closed
[2019-12-02 09:28:52 *1817.1]	NOTICE	swFactoryProcess_finish (ERRNO 1004): send 1644 byte failed, because connection[fd=915] is closed
[2019-12-02 09:28:52 *1817.1]	NOTICE	swFactoryProcess_finish (ERRNO 1004): send 1644 byte failed, because connection[fd=851] is closed
[2019-12-02 09:28:52 *1817.1]	NOTICE	swFactoryProcess_finish (ERRNO 1004): send 1644 byte failed, because connection[fd=891] is closed
[2019-12-02 09:28:52 *1817.1]	NOTICE	swFactoryProcess_finish (ERRNO 1004): send 1644 byte failed, because connection[fd=931] is closed
[2019-12-02 09:28:52 *1817.1]	NOTICE	swFactoryProcess_finish (ERRNO 1004): send 1644 byte failed, because connection[fd=907] is closed
[2019-12-02 09:28:52 *1817.1]	NOTICE	swFactoryProcess_finish (ERRNO 1004): send 1644 byte failed, because connection[fd=939] is closed
[2019-12-02 09:28:52 *1817.1]	NOTICE	swFactoryProcess_finish (ERRNO 1004): send 1644 byte failed, because connection[fd=883] is closed
[2019-12-02 09:28:52 *1817.1]	NOTICE	swFactoryProcess_finish (ERRNO 1004): send 1644 byte failed, because connection[fd=899] is closed
[2019-12-02 09:28:52 *1817.1]	NOTICE	swFactoryProcess_finish (ERRNO 1004): send 1644 byte failed, because connection[fd=923] is closed
[2019-12-02 09:28:52 *1817.1]	NOTICE	swFactoryProcess_finish (ERRNO 1004): send 1644 byte failed, because connection[fd=875] is closed
[2019-12-02 09:28:52 *1817.1]	NOTICE	swFactoryProcess_finish (ERRNO 1004): send 1644 byte failed, because connection[fd=947] is closed
[2019-12-02 09:28:52 *1817.1]	NOTICE	swFactoryProcess_finish (ERRNO 1004): send 1644 byte failed, because connection[fd=997] is closed
[2019-12-02 09:28:52 *1817.1]	NOTICE	swFactoryProcess_finish (ERRNO 1004): send 1644 byte failed, because connection[fd=955] is closed
[2019-12-02 09:28:52 *1817.1]	NOTICE	swFactoryProcess_finish (ERRNO 1004): send 1644 byte failed, because connection[fd=1023] is closed
[2019-12-02 09:28:52 *1818.2]	NOTICE	swFactoryProcess_finish (ERRNO 1004): send 1644 byte failed, because connection[fd=788] is closed
[2019-12-02 09:28:52 *1818.2]	NOTICE	swFactoryProcess_finish (ERRNO 1004): send 1644 byte failed, because connection[fd=780] is closed
[2019-12-02 09:28:52 *1818.2]	NOTICE	swFactoryProcess_finish (ERRNO 1004): send 1644 byte failed, because connection[fd=828] is closed
[2019-12-02 09:28:52 *1818.2]	NOTICE	swFactoryProcess_finish (ERRNO 1004): send 1644 byte failed, because connection[fd=796] is closed
[2019-12-02 09:28:52 *1818.2]	NOTICE	swFactoryProcess_finish (ERRNO 1004): send 1644 byte failed, because connection[fd=804] is closed
[2019-12-02 09:28:52 *1818.2]	NOTICE	swFactoryProcess_finish (ERRNO 1004): send 1644 byte failed, because connection[fd=820] is closed
[2019-12-02 09:28:52 *1818.2]	NOTICE	swFactoryProcess_finish (ERRNO 1004): send 1644 byte failed, because connection[fd=852] is closed
[2019-12-02 09:28:52 *1818.2]	NOTICE	swFactoryProcess_finish (ERRNO 1004): send 1644 byte failed, because connection[fd=868] is closed
[2019-12-02 09:28:52 *1818.2]	NOTICE	swFactoryProcess_finish (ERRNO 1004): send 1644 byte failed, because connection[fd=860] is closed
[2019-12-02 09:28:52 *1818.2]	NOTICE	swFactoryProcess_finish (ERRNO 1004): send 1644 byte failed, because connection[fd=836] is closed
[2019-12-02 09:28:52 *1818.2]	NOTICE	swFactoryProcess_finish (ERRNO 1004): send 1644 byte failed, because connection[fd=900] is closed
[2019-12-02 09:28:52 *1818.2]	NOTICE	swFactoryProcess_finish (ERRNO 1004): send 1644 byte failed, because connection[fd=892] is closed
[2019-12-02 09:28:52 *1818.2]	NOTICE	swFactoryProcess_finish (ERRNO 1004): send 1644 byte failed, because connection[fd=924] is closed
[2019-12-02 09:28:52 *1818.2]	NOTICE	swFactoryProcess_finish (ERRNO 1004): send 1644 byte failed, because connection[fd=916] is closed
[2019-12-02 09:28:52 *1818.2]	NOTICE	swFactoryProcess_finish (ERRNO 1004): send 1644 byte failed, because connection[fd=908] is closed
[2019-12-02 09:28:52 *1818.2]	NOTICE	swFactoryProcess_finish (ERRNO 1004): send 1644 byte failed, because connection[fd=932] is closed
[2019-12-02 09:28:52 *1818.2]	NOTICE	swFactoryProcess_finish (ERRNO 1004): send 1644 byte failed, because connection[fd=884] is closed
[2019-12-02 09:28:52 *1818.2]	NOTICE	swFactoryProcess_finish (ERRNO 1004): send 1644 byte failed, because connection[fd=948] is closed
[2019-12-02 09:28:52 *1818.2]	NOTICE	swFactoryProcess_finish (ERRNO 1004): send 1644 byte failed, because connection[fd=998] is closed
[2019-12-02 09:28:52 *1818.2]	NOTICE	swFactoryProcess_finish (ERRNO 1004): send 1644 byte failed, because connection[fd=1024] is closed
[2019-12-02 09:28:52 *1818.2]	NOTICE	swFactoryProcess_finish (ERRNO 1004): send 1644 byte failed, because connection[fd=956] is closed
[2019-12-02 09:28:52 *1816.0]	NOTICE	swFactoryProcess_finish (ERRNO 1004): send 1644 byte failed, because connection[fd=778] is closed
[2019-12-02 09:28:52 *1816.0]	NOTICE	swFactoryProcess_finish (ERRNO 1004): send 1644 byte failed, because connection[fd=770] is closed
[2019-12-02 09:28:52 *1816.0]	NOTICE	swFactoryProcess_finish (ERRNO 1004): send 1644 byte failed, because connection[fd=810] is closed
[2019-12-02 09:28:52 *1816.0]	NOTICE	swFactoryProcess_finish (ERRNO 1004): send 1644 byte failed, because connection[fd=818] is closed
[2019-12-02 09:28:52 *1816.0]	NOTICE	swFactoryProcess_finish (ERRNO 1004): send 1644 byte failed, because connection[fd=794] is closed
[2019-12-02 09:28:52 *1816.0]	NOTICE	swFactoryProcess_finish (ERRNO 1004): send 1644 byte failed, because connection[fd=802] is closed
[2019-12-02 09:28:52 *1816.0]	NOTICE	swFactoryProcess_finish (ERRNO 1004): send 1644 byte failed, because connection[fd=866] is closed
[2019-12-02 09:28:52 *1816.0]	NOTICE	swFactoryProcess_finish (ERRNO 1004): send 1644 byte failed, because connection[fd=834] is closed
[2019-12-02 09:28:52 *1816.0]	NOTICE	swFactoryProcess_finish (ERRNO 1004): send 1644 byte failed, because connection[fd=858] is closed
[2019-12-02 09:28:52 *1816.0]	NOTICE	swFactoryProcess_finish (ERRNO 1004): send 1644 byte failed, because connection[fd=914] is closed
[2019-12-02 09:28:52 *1816.0]	NOTICE	swFactoryProcess_finish (ERRNO 1004): send 1644 byte failed, because connection[fd=826] is closed
[2019-12-02 09:28:52 *1816.0]	NOTICE	swFactoryProcess_finish (ERRNO 1004): send 1644 byte failed, because connection[fd=922] is closed
[2019-12-02 09:28:52 *1816.0]	NOTICE	swFactoryProcess_finish (ERRNO 1004): send 1644 byte failed, because connection[fd=874] is closed
[2019-12-02 09:28:52 *1816.0]	NOTICE	swFactoryProcess_finish (ERRNO 1004): send 1644 byte failed, because connection[fd=898] is closed
[2019-12-02 09:28:52 *1816.0]	NOTICE	swFactoryProcess_finish (ERRNO 1004): send 1644 byte failed, because connection[fd=906] is closed
[2019-12-02 09:28:52 *1816.0]	NOTICE	swFactoryProcess_finish (ERRNO 1004): send 1644 byte failed, because connection[fd=930] is closed
[2019-12-02 09:28:52 *1816.0]	NOTICE	swFactoryProcess_finish (ERRNO 1004): send 1644 byte failed, because connection[fd=882] is closed
[2019-12-02 09:28:52 *1816.0]	NOTICE	swFactoryProcess_finish (ERRNO 1004): send 1644 byte failed, because connection[fd=890] is closed
[2019-12-02 09:28:52 *1816.0]	NOTICE	swFactoryProcess_finish (ERRNO 1004): send 1644 byte failed, because connection[fd=946] is closed
[2019-12-02 09:28:52 *1816.0]	NOTICE	swFactoryProcess_finish (ERRNO 1004): send 1644 byte failed, because connection[fd=954] is closed
[2019-12-02 09:28:52 *1816.0]	NOTICE	swFactoryProcess_finish (ERRNO 1004): send 1644 byte failed, because connection[fd=1022] is closed
[2019-12-02 09:28:52 *1821.5]	NOTICE	swFactoryProcess_finish (ERRNO 1004): send 1644 byte failed, because connection[fd=783] is closed
[2019-12-02 09:28:52 *1821.5]	NOTICE	swFactoryProcess_finish (ERRNO 1004): send 1644 byte failed, because connection[fd=775] is closed
[2019-12-02 09:28:52 *1821.5]	NOTICE	swFactoryProcess_finish (ERRNO 1004): send 1644 byte failed, because connection[fd=767] is closed
[2019-12-02 09:28:52 *1821.5]	NOTICE	swFactoryProcess_finish (ERRNO 1004): send 1644 byte failed, because connection[fd=815] is closed
[2019-12-02 09:28:52 *1821.5]	NOTICE	swFactoryProcess_finish (ERRNO 1004): send 1644 byte failed, because connection[fd=791] is closed
[2019-12-02 09:28:52 *1821.5]	NOTICE	swFactoryProcess_finish (ERRNO 1004): send 1644 byte failed, because connection[fd=807] is closed
[2019-12-02 09:28:52 *1821.5]	NOTICE	swFactoryProcess_finish (ERRNO 1004): send 1644 byte failed, because connection[fd=799] is closed
[2019-12-02 09:28:52 *1821.5]	NOTICE	swFactoryProcess_finish (ERRNO 1004): send 1644 byte failed, because connection[fd=855] is closed
[2019-12-02 09:28:52 *1821.5]	NOTICE	swFactoryProcess_finish (ERRNO 1004): send 1644 byte failed, because connection[fd=831] is closed
[2019-12-02 09:28:52 *1821.5]	NOTICE	swFactoryProcess_finish (ERRNO 1004): send 1644 byte failed, because connection[fd=839] is closed
[2019-12-02 09:28:52 *1821.5]	NOTICE	swFactoryProcess_finish (ERRNO 1004): send 1644 byte failed, because connection[fd=847] is closed
[2019-12-02 09:28:52 *1821.5]	NOTICE	swFactoryProcess_finish (ERRNO 1004): send 1644 byte failed, because connection[fd=871] is closed
[2019-12-02 09:28:52 *1821.5]	NOTICE	swFactoryProcess_finish (ERRNO 1004): send 1644 byte failed, because connection[fd=927] is closed
[2019-12-02 09:28:52 *1821.5]	NOTICE	swFactoryProcess_finish (ERRNO 1004): send 1644 byte failed, because connection[fd=935] is closed
[2019-12-02 09:28:52 *1821.5]	NOTICE	swFactoryProcess_finish (ERRNO 1004): send 1644 byte failed, because connection[fd=863] is closed
[2019-12-02 09:28:52 *1821.5]	NOTICE	swFactoryProcess_finish (ERRNO 1004): send 1644 byte failed, because connection[fd=919] is closed
[2019-12-02 09:28:52 *1821.5]	NOTICE	swFactoryProcess_finish (ERRNO 1004): send 1644 byte failed, because connection[fd=895] is closed
[2019-12-02 09:28:52 *1821.5]	NOTICE	swFactoryProcess_finish (ERRNO 1004): send 1644 byte failed, because connection[fd=903] is closed
[2019-12-02 09:28:52 *1821.5]	NOTICE	swFactoryProcess_finish (ERRNO 1004): send 1644 byte failed, because connection[fd=911] is closed
[2019-12-02 09:28:52 *1821.5]	NOTICE	swFactoryProcess_finish (ERRNO 1004): send 1644 byte failed, because connection[fd=887] is closed
[2019-12-02 09:28:52 *1821.5]	NOTICE	swFactoryProcess_finish (ERRNO 1004): send 1644 byte failed, because connection[fd=951] is closed
[2019-12-02 09:28:52 *1821.5]	NOTICE	swFactoryProcess_finish (ERRNO 1004): send 1644 byte failed, because connection[fd=943] is closed
[2019-12-02 09:28:52 *1821.5]	NOTICE	swFactoryProcess_finish (ERRNO 1004): send 1644 byte failed, because connection[fd=1001] is closed
[2019-12-02 09:28:52 *1819.3]	NOTICE	swFactoryProcess_finish (ERRNO 1004): send 1644 byte failed, because connection[fd=773] is closed
[2019-12-02 09:28:52 *1819.3]	NOTICE	swFactoryProcess_finish (ERRNO 1004): send 1644 byte failed, because connection[fd=781] is closed
[2019-12-02 09:28:52 *1819.3]	NOTICE	swFactoryProcess_finish (ERRNO 1004): send 1644 byte failed, because connection[fd=789] is closed
[2019-12-02 09:28:52 *1819.3]	NOTICE	swFactoryProcess_finish (ERRNO 1004): send 1644 byte failed, because connection[fd=805] is closed
[2019-12-02 09:28:52 *1819.3]	NOTICE	swFactoryProcess_finish (ERRNO 1004): send 1644 byte failed, because connection[fd=845] is closed
[2019-12-02 09:28:52 *1819.3]	NOTICE	swFactoryProcess_finish (ERRNO 1004): send 1644 byte failed, because connection[fd=853] is closed
[2019-12-02 09:28:52 *1819.3]	NOTICE	swFactoryProcess_finish (ERRNO 1004): send 1644 byte failed, because connection[fd=813] is closed
[2019-12-02 09:28:52 *1819.3]	NOTICE	swFactoryProcess_finish (ERRNO 1004): send 1644 byte failed, because connection[fd=821] is closed
[2019-12-02 09:28:52 *1819.3]	NOTICE	swFactoryProcess_finish (ERRNO 1004): send 1644 byte failed, because connection[fd=797] is closed
[2019-12-02 09:28:52 *1819.3]	NOTICE	swFactoryProcess_finish (ERRNO 1004): send 1644 byte failed, because connection[fd=829] is closed
[2019-12-02 09:28:52 *1819.3]	NOTICE	swFactoryProcess_finish (ERRNO 1004): send 1644 byte failed, because connection[fd=869] is closed
[2019-12-02 09:28:52 *1819.3]	NOTICE	swFactoryProcess_finish (ERRNO 1004): send 1644 byte failed, because connection[fd=861] is closed
[2019-12-02 09:28:52 *1819.3]	NOTICE	swFactoryProcess_finish (ERRNO 1004): send 1644 byte failed, because connection[fd=837] is closed
[2019-12-02 09:28:52 *1819.3]	NOTICE	swFactoryProcess_finish (ERRNO 1004): send 1644 byte failed, because connection[fd=877] is closed
[2019-12-02 09:28:52 *1819.3]	NOTICE	swFactoryProcess_finish (ERRNO 1004): send 1644 byte failed, because connection[fd=933] is closed
[2019-12-02 09:28:52 *1819.3]	NOTICE	swFactoryProcess_finish (ERRNO 1004): send 1644 byte failed, because connection[fd=909] is closed
[2019-12-02 09:28:52 *1819.3]	NOTICE	swFactoryProcess_finish (ERRNO 1004): send 1644 byte failed, because connection[fd=893] is closed
[2019-12-02 09:28:52 *1819.3]	NOTICE	swFactoryProcess_finish (ERRNO 1004): send 1644 byte failed, because connection[fd=925] is closed
[2019-12-02 09:28:52 *1819.3]	NOTICE	swFactoryProcess_finish (ERRNO 1004): send 1644 byte failed, because connection[fd=917] is closed
[2019-12-02 09:28:52 *1819.3]	NOTICE	swFactoryProcess_finish (ERRNO 1004): send 1644 byte failed, because connection[fd=949] is closed
[2019-12-02 09:28:52 *1819.3]	NOTICE	swFactoryProcess_finish (ERRNO 1004): send 1644 byte failed, because connection[fd=941] is closed
[2019-12-02 09:28:52 *1819.3]	NOTICE	swFactoryProcess_finish (ERRNO 1004): send 1644 byte failed, because connection[fd=1025] is closed
[2019-12-02 09:28:52 *1823.7]	NOTICE	swFactoryProcess_finish (ERRNO 1004): send 1644 byte failed, because connection[fd=769] is closed
[2019-12-02 09:28:52 *1823.7]	NOTICE	swFactoryProcess_finish (ERRNO 1004): send 1644 byte failed, because connection[fd=809] is closed
[2019-12-02 09:28:52 *1823.7]	NOTICE	swFactoryProcess_finish (ERRNO 1004): send 1644 byte failed, because connection[fd=801] is closed
[2019-12-02 09:28:52 *1823.7]	NOTICE	swFactoryProcess_finish (ERRNO 1004): send 1644 byte failed, because connection[fd=785] is closed
[2019-12-02 09:28:52 *1823.7]	NOTICE	swFactoryProcess_finish (ERRNO 1004): send 1644 byte failed, because connection[fd=793] is closed
[2019-12-02 09:28:52 *1823.7]	NOTICE	swFactoryProcess_finish (ERRNO 1004): send 1644 byte failed, because connection[fd=833] is closed
[2019-12-02 09:28:52 *1823.7]	NOTICE	swFactoryProcess_finish (ERRNO 1004): send 1644 byte failed, because connection[fd=849] is closed
[2019-12-02 09:28:52 *1823.7]	NOTICE	swFactoryProcess_finish (ERRNO 1004): send 1644 byte failed, because connection[fd=865] is closed
[2019-12-02 09:28:52 *1823.7]	NOTICE	swFactoryProcess_finish (ERRNO 1004): send 1644 byte failed, because connection[fd=913] is closed
[2019-12-02 09:28:52 *1823.7]	NOTICE	swFactoryProcess_finish (ERRNO 1004): send 1644 byte failed, because connection[fd=857] is closed
[2019-12-02 09:28:52 *1823.7]	NOTICE	swFactoryProcess_finish (ERRNO 1004): send 1644 byte failed, because connection[fd=889] is closed
[2019-12-02 09:28:52 *1823.7]	NOTICE	swFactoryProcess_finish (ERRNO 1004): send 1644 byte failed, because connection[fd=873] is closed
[2019-12-02 09:28:52 *1823.7]	NOTICE	swFactoryProcess_finish (ERRNO 1004): send 1644 byte failed, because connection[fd=897] is closed
[2019-12-02 09:28:52 *1823.7]	NOTICE	swFactoryProcess_finish (ERRNO 1004): send 1644 byte failed, because connection[fd=937] is closed
[2019-12-02 09:28:52 *1823.7]	NOTICE	swFactoryProcess_finish (ERRNO 1004): send 1644 byte failed, because connection[fd=929] is closed
[2019-12-02 09:28:52 *1823.7]	NOTICE	swFactoryProcess_finish (ERRNO 1004): send 1644 byte failed, because connection[fd=905] is closed
[2019-12-02 09:28:52 *1823.7]	NOTICE	swFactoryProcess_finish (ERRNO 1004): send 1644 byte failed, because connection[fd=921] is closed
[2019-12-02 09:28:52 *1823.7]	NOTICE	swFactoryProcess_finish (ERRNO 1004): send 1644 byte failed, because connection[fd=945] is closed
[2019-12-02 09:28:52 *1822.6]	NOTICE	swFactoryProcess_finish (ERRNO 1004): send 1644 byte failed, because connection[fd=776] is closed
[2019-12-02 09:28:52 *1822.6]	NOTICE	swFactoryProcess_finish (ERRNO 1004): send 1644 byte failed, because connection[fd=792] is closed
[2019-12-02 09:28:52 *1822.6]	NOTICE	swFactoryProcess_finish (ERRNO 1004): send 1644 byte failed, because connection[fd=816] is closed
[2019-12-02 09:28:52 *1822.6]	NOTICE	swFactoryProcess_finish (ERRNO 1004): send 1644 byte failed, because connection[fd=864] is closed
[2019-12-02 09:28:52 *1822.6]	NOTICE	swFactoryProcess_finish (ERRNO 1004): send 1644 byte failed, because connection[fd=800] is closed
[2019-12-02 09:28:52 *1822.6]	NOTICE	swFactoryProcess_finish (ERRNO 1004): send 1644 byte failed, because connection[fd=808] is closed
[2019-12-02 09:28:52 *1822.6]	NOTICE	swFactoryProcess_finish (ERRNO 1004): send 1644 byte failed, because connection[fd=832] is closed
[2019-12-02 09:28:52 *1822.6]	NOTICE	swFactoryProcess_finish (ERRNO 1004): send 1644 byte failed, because connection[fd=904] is closed
[2019-12-02 09:28:52 *1822.6]	NOTICE	swFactoryProcess_finish (ERRNO 1004): send 1644 byte failed, because connection[fd=856] is closed
[2019-12-02 09:28:52 *1822.6]	NOTICE	swFactoryProcess_finish (ERRNO 1004): send 1644 byte failed, because connection[fd=848] is closed
[2019-12-02 09:28:52 *1822.6]	NOTICE	swFactoryProcess_finish (ERRNO 1004): send 1644 byte failed, because connection[fd=872] is closed
[2019-12-02 09:28:52 *1822.6]	NOTICE	swFactoryProcess_finish (ERRNO 1004): send 1644 byte failed, because connection[fd=928] is closed
[2019-12-02 09:28:52 *1822.6]	NOTICE	swFactoryProcess_finish (ERRNO 1004): send 1644 byte failed, because connection[fd=920] is closed
[2019-12-02 09:28:52 *1822.6]	NOTICE	swFactoryProcess_finish (ERRNO 1004): send 1644 byte failed, because connection[fd=888] is closed
[2019-12-02 09:28:52 *1822.6]	NOTICE	swFactoryProcess_finish (ERRNO 1004): send 1644 byte failed, because connection[fd=896] is closed
[2019-12-02 09:28:52 *1822.6]	NOTICE	swFactoryProcess_finish (ERRNO 1004): send 1644 byte failed, because connection[fd=912] is closed
[2019-12-02 09:28:52 *1822.6]	NOTICE	swFactoryProcess_finish (ERRNO 1004): send 1644 byte failed, because connection[fd=936] is closed
[2019-12-02 09:28:52 *1822.6]	NOTICE	swFactoryProcess_finish (ERRNO 1004): send 1644 byte failed, because connection[fd=944] is closed
[2019-12-02 09:28:52 *1822.6]	NOTICE	swFactoryProcess_finish (ERRNO 1004): send 1644 byte failed, because connection[fd=880] is closed
[2019-12-02 09:28:52 *1822.6]	NOTICE	swFactoryProcess_finish (ERRNO 1004): send 1644 byte failed, because connection[fd=1038] is closed
[2019-12-02 09:28:52 *1820.4]	NOTICE	swFactoryProcess_finish (ERRNO 1004): send 1644 byte failed, because connection[fd=774] is closed
[2019-12-02 09:28:52 *1820.4]	NOTICE	swFactoryProcess_finish (ERRNO 1004): send 1644 byte failed, because connection[fd=830] is closed
[2019-12-02 09:28:52 *1820.4]	NOTICE	swFactoryProcess_finish (ERRNO 1004): send 1644 byte failed, because connection[fd=862] is closed
[2019-12-02 09:28:52 *1820.4]	NOTICE	swFactoryProcess_finish (ERRNO 1004): send 1644 byte failed, because connection[fd=806] is closed
[2019-12-02 09:28:52 *1820.4]	NOTICE	swFactoryProcess_finish (ERRNO 1004): send 1644 byte failed, because connection[fd=814] is closed
[2019-12-02 09:28:52 *1820.4]	NOTICE	swFactoryProcess_finish (ERRNO 1004): send 1644 byte failed, because connection[fd=854] is closed
[2019-12-02 09:28:52 *1820.4]	NOTICE	swFactoryProcess_finish (ERRNO 1004): send 1644 byte failed, because connection[fd=798] is closed
[2019-12-02 09:28:52 *1820.4]	NOTICE	swFactoryProcess_finish (ERRNO 1004): send 1644 byte failed, because connection[fd=790] is closed
[2019-12-02 09:28:52 *1820.4]	NOTICE	swFactoryProcess_finish (ERRNO 1004): send 1644 byte failed, because connection[fd=822] is closed
[2019-12-02 09:28:52 *1820.4]	NOTICE	swFactoryProcess_finish (ERRNO 1004): send 1644 byte failed, because connection[fd=870] is closed
[2019-12-02 09:28:52 *1820.4]	NOTICE	swFactoryProcess_finish (ERRNO 1004): send 1644 byte failed, because connection[fd=886] is closed
[2019-12-02 09:28:52 *1820.4]	NOTICE	swFactoryProcess_finish (ERRNO 1004): send 1644 byte failed, because connection[fd=926] is closed
[2019-12-02 09:28:52 *1820.4]	NOTICE	swFactoryProcess_finish (ERRNO 1004): send 1644 byte failed, because connection[fd=878] is closed
[2019-12-02 09:28:52 *1820.4]	NOTICE	swFactoryProcess_finish (ERRNO 1004): send 1644 byte failed, because connection[fd=902] is closed
[2019-12-02 09:28:52 *1820.4]	NOTICE	swFactoryProcess_finish (ERRNO 1004): send 1644 byte failed, because connection[fd=934] is closed
[2019-12-02 09:28:52 *1820.4]	NOTICE	swFactoryProcess_finish (ERRNO 1004): send 1644 byte failed, because connection[fd=910] is closed
[2019-12-02 09:28:52 *1820.4]	NOTICE	swFactoryProcess_finish (ERRNO 1004): send 1644 byte failed, because connection[fd=894] is closed
[2019-12-02 09:28:52 *1820.4]	NOTICE	swFactoryProcess_finish (ERRNO 1004): send 1644 byte failed, because connection[fd=918] is closed
[2019-12-02 09:28:52 *1820.4]	NOTICE	swFactoryProcess_finish (ERRNO 1004): send 1644 byte failed, because connection[fd=950] is closed
[2019-12-02 09:28:52 *1820.4]	NOTICE	swFactoryProcess_finish (ERRNO 1004): send 1644 byte failed, because connection[fd=942] is closed
[2019-12-02 09:30:36 *1816.0]	NOTICE	swFactoryProcess_finish (ERRNO 1004): send 1644 byte failed, because connection[fd=10676] is closed
[2019-12-02 09:30:36 *1817.1]	NOTICE	swFactoryProcess_finish (ERRNO 1004): send 1644 byte failed, because connection[fd=10677] is closed
[2019-12-02 09:30:37 *1821.5]	NOTICE	swFactoryProcess_finish (ERRNO 1004): send 1644 byte failed, because connection[fd=10454] is closed
[2019-12-02 09:30:42 *1817.1]	NOTICE	swFactoryProcess_finish (ERRNO 1004): send 1644 byte failed, because connection[fd=10359] is closed
[2019-12-02 09:30:42 *1817.1]	NOTICE	swFactoryProcess_finish (ERRNO 1004): send 1644 byte failed, because connection[fd=10367] is closed
[2019-12-02 12:55:32 *2573.7]	WARNING	swSignalfd_onSignal (ERRNO 707): Unable to find callback function for signal Hangup: 1
[2019-12-02 12:55:32 #2563.1]	WARNING	swSignalfd_onSignal (ERRNO 707): Unable to find callback function for signal Hangup: 1
[2019-12-02 12:55:32 *2570.4]	WARNING	swSignalfd_onSignal (ERRNO 707): Unable to find callback function for signal Hangup: 1
[2019-12-02 12:55:32 *2567.1]	WARNING	swSignalfd_onSignal (ERRNO 707): Unable to find callback function for signal Hangup: 1
[2019-12-02 12:55:32 *2571.5]	WARNING	swSignalfd_onSignal (ERRNO 707): Unable to find callback function for signal Hangup: 1
[2019-12-02 12:55:32 *2568.2]	WARNING	swSignalfd_onSignal (ERRNO 707): Unable to find callback function for signal Hangup: 1
[2019-12-02 12:55:32 *2566.0]	WARNING	swSignalfd_onSignal (ERRNO 707): Unable to find callback function for signal Hangup: 1
[2019-12-02 12:55:32 *2572.6]	WARNING	swSignalfd_onSignal (ERRNO 707): Unable to find callback function for signal Hangup: 1
[2019-12-02 12:55:32 *2569.3]	WARNING	swSignalfd_onSignal (ERRNO 707): Unable to find callback function for signal Hangup: 1
[2019-12-02 12:55:32 $2564.0]	WARNING	swSignal_callback (ERRNO 707): Unable to find callback function for signal Hangup: 1
[2019-12-02 12:55:32 $2564.0]	WARNING	swManager_check_exit_status: worker#8[pid=2574] abnormal exit, status=0, signal=1
[2019-12-02 12:55:32 $2564.0]	WARNING	swManager_check_exit_status: worker#9[pid=2575] abnormal exit, status=0, signal=1
[2019-12-02 12:55:32 $2564.0]	WARNING	swManager_check_exit_status: worker#10[pid=2576] abnormal exit, status=0, signal=1
[2019-12-02 12:55:32 $2564.0]	WARNING	swManager_check_exit_status: worker#11[pid=2577] abnormal exit, status=0, signal=1
